<?xml version="1.0" encoding="utf-8"?>
<TestRun id="62574cf6-5f7f-4a39-9184-687f06be148a" name="AG_2021SER01@LIZPPK 2025-09-04 19:31:25" runUser="LIZPPK\AG_2021SER01" xmlns="http://microsoft.com/schemas/VisualStudio/TeamTest/2010">
  <Times creation="2025-09-04T19:31:25.4814785+10:00" queuing="2025-09-04T19:31:25.4814789+10:00" start="2025-09-04T19:31:24.3701730+10:00" finish="2025-09-04T19:31:25.4895563+10:00" />
  <TestSettings name="default" id="066e9ae2-bc5a-4f5e-8fad-845c6a1efd74">
    <Deployment runDeploymentRoot="AG_2021SER01_LIZPPK_2025-09-04_19_31_25" />
  </TestSettings>
  <Results>
    <UnitTestResult executionId="5e4f3f9b-c4e5-43d1-a8c5-c21f0c66aede" testId="9088ab4f-1f20-c1ed-104a-a0e84946f452" testName="AgenticDemo.Tests.WeatherTests.GetWeatherForecast_ReturnsSuccessStatusCode" computerName="LIZPPK" duration="00:00:00.2188130" startTime="2025-09-04T19:31:25.3377177+10:00" endTime="2025-09-04T19:31:25.3377334+10:00" testType="13cdc9d9-ddb5-4fa4-a97d-d965ccfc6d4b" outcome="Passed" testListId="8c84fa94-04c1-424b-9868-57a2d4851a1d" relativeResultsDirectory="5e4f3f9b-c4e5-43d1-a8c5-c21f0c66aede" />
  </Results>
  <TestDefinitions>
    <UnitTest name="AgenticDemo.Tests.WeatherTests.GetWeatherForecast_ReturnsSuccessStatusCode" storage="c:\forex\agentdevopt\tests\agenticdemo.tests\bin\debug\net10.0\agenticdemo.tests.dll" id="9088ab4f-1f20-c1ed-104a-a0e84946f452">
      <Execution id="5e4f3f9b-c4e5-43d1-a8c5-c21f0c66aede" />
      <TestMethod codeBase="c:\forex\agentdevopt\tests\AgenticDemo.Tests\bin\Debug\net10.0\AgenticDemo.Tests.dll" adapterTypeName="executor://xunit/VsTestRunner2/netcoreapp" className="AgenticDemo.Tests.WeatherTests" name="GetWeatherForecast_ReturnsSuccessStatusCode" />
    </UnitTest>
  </TestDefinitions>
  <TestEntries>
    <TestEntry testId="9088ab4f-1f20-c1ed-104a-a0e84946f452" executionId="5e4f3f9b-c4e5-43d1-a8c5-c21f0c66aede" testListId="8c84fa94-04c1-424b-9868-57a2d4851a1d" />
  </TestEntries>
  <TestLists>
    <TestList name="Results Not in a List" id="8c84fa94-04c1-424b-9868-57a2d4851a1d" />
    <TestList name="All Loaded Results" id="19431567-8539-422a-85d7-44ee4e166bda" />
  </TestLists>
  <ResultSummary outcome="Completed">
    <Counters total="1" executed="1" passed="1" failed="0" error="0" timeout="0" aborted="0" inconclusive="0" passedButRunAborted="0" notRunnable="0" notExecuted="0" disconnected="0" warning="0" completed="0" inProgress="0" pending="0" />
    <Output>
      <StdOut>[xUnit.net 00:00:00.00] xUnit.net VSTest Adapter v2.8.2+699d445a1a (64-bit .NET 10.0.0-preview.1.25080.5)&#xD;
[xUnit.net 00:00:00.09]   Discovering: AgenticDemo.Tests&#xD;
[xUnit.net 00:00:00.12]   Discovered:  AgenticDemo.Tests&#xD;
[xUnit.net 00:00:00.13]   Starting:    AgenticDemo.Tests&#xD;
[xUnit.net 00:00:00.40]   Finished:    AgenticDemo.Tests&#xD;
</StdOut>
    </Output>
  </ResultSummary>
</TestRun>